<?xml version="1.0" encoding="UTF-8"?>
<!-- Generated by org.testng.reporters.JUnitReportReporter -->
<testsuite failures="0" tests="3" name="run.RunnerCucumber" time="53.231" errors="0" timestamp="2025-12-09T10:53:52 GMT" skipped="0">
  <testcase classname="run.RunnerCucumber" name="runScenario" time="16.393"/>
  <testcase classname="run.RunnerCucumber" name="runScenario" time="18.311"/>
  <testcase classname="run.RunnerCucumber" name="runScenario" time="18.527"/>
</testsuite> <!-- run.RunnerCucumber -->
